[18:52:07] [Server thread/INFO]: Starting minecraft server version 1.12.2
[18:52:07] [Server thread/INFO]: Loading properties
[18:52:07] [Server console handler/ERROR]: Exception handling console input
java.io.IOException: The handle is invalid
	at java.io.FileInputStream.readBytes(Native Method) ~[?:1.8.0_251]
	at java.io.FileInputStream.read(Unknown Source) ~[?:1.8.0_251]
	at java.io.BufferedInputStream.read1(Unknown Source) ~[?:1.8.0_251]
	at java.io.BufferedInputStream.read(Unknown Source) ~[?:1.8.0_251]
	at sun.nio.cs.StreamDecoder.readBytes(Unknown Source) ~[?:1.8.0_251]
	at sun.nio.cs.StreamDecoder.implRead(Unknown Source) ~[?:1.8.0_251]
	at sun.nio.cs.StreamDecoder.read(Unknown Source) ~[?:1.8.0_251]
	at java.io.InputStreamReader.read(Unknown Source) ~[?:1.8.0_251]
	at java.io.BufferedReader.fill(Unknown Source) ~[?:1.8.0_251]
	at java.io.BufferedReader.readLine(Unknown Source) ~[?:1.8.0_251]
	at java.io.BufferedReader.readLine(Unknown Source) ~[?:1.8.0_251]
	at nz$2.run(SourceFile:100) [minecraft_server.1.12.2.jar:?]
[18:52:07] [Server thread/INFO]: Default game type: SURVIVAL
[18:52:07] [Server thread/INFO]: Generating keypair
[18:52:07] [Server thread/INFO]: Starting Minecraft server on 192.168.1.3:25565
[18:52:07] [Server thread/INFO]: Using default channel type
[18:52:08] [Server thread/INFO]: Preparing level "Forge Ahead"
[18:52:09] [Server thread/INFO]: Loaded 488 advancements
[18:52:09] [Server thread/INFO]: Preparing start region for level 0
[18:52:10] [Server thread/INFO]: Preparing spawn area: 14%
[18:52:11] [Server thread/INFO]: Preparing spawn area: 64%
[18:52:11] [Server thread/INFO]: Done (3.177s)! For help, type "help" or "?"
[18:52:27] [User Authenticator #1/INFO]: UUID of player GHProphet is 8259f658-24bb-4e6f-9ea5-ef220fe5e2af
[18:52:27] [Server thread/INFO]: GHProphet[/192.168.1.3:58244] logged in with entity id 347 at (229.76461802272703, 67.0, 260.53050506124305)
[18:52:27] [Server thread/INFO]: GHProphet joined the game
[18:52:39] [Server thread/INFO]: GHProphet lost connection: Disconnected
[18:52:39] [Server thread/INFO]: GHProphet left the game
[18:52:44] [Server thread/INFO]: Stopping the server
[18:52:44] [Server thread/INFO]: Stopping server
[18:52:44] [Server thread/INFO]: Saving players
[18:52:44] [Server thread/INFO]: Saving worlds
[18:52:44] [Server thread/INFO]: Saving chunks for level 'Forge Ahead'/overworld
[18:52:45] [Server thread/INFO]: Saving chunks for level 'Forge Ahead'/the_nether
[18:52:45] [Server thread/INFO]: Saving chunks for level 'Forge Ahead'/the_end
[18:52:45] [Server Shutdown Thread/INFO]: Stopping server
[18:52:45] [Server Shutdown Thread/INFO]: Saving players
[18:52:45] [Server Shutdown Thread/INFO]: Saving worlds
[18:52:45] [Server Shutdown Thread/INFO]: Saving chunks for level 'Forge Ahead'/overworld
